This is pdfTeX, Version 3.1415926-1.40.10 (MiKTeX 2.8) (preloaded format=pdflatex 2009.11.4)  4 NOV 2009 23:29
entering extended mode
**scmp.tex
(F:\salesmen\trunk\docs\en\scmp\src\tex\scmp.tex
LaTeX2e <2009/09/24>
Babel <v3.8l> and hyphenation patterns for english, dumylang, nohyphenation, ge
rman, ngerman, german-x-2009-06-19, ngerman-x-2009-06-19, french, loaded.
("f:\Program Files (x86)\MiKTeX 2.8\tex\latex\base\report.cls"
Document Class: report 2007/10/19 v1.4h Standard LaTeX document class
("f:\Program Files (x86)\MiKTeX 2.8\tex\latex\base\size10.clo"
File: size10.clo 2007/10/19 v1.4h Standard LaTeX file (size option)
)
\c@part=\count79
\c@chapter=\count80
\c@section=\count81
\c@subsection=\count82
\c@subsubsection=\count83
\c@paragraph=\count84
\c@subparagraph=\count85
\c@figure=\count86
\c@table=\count87
\abovecaptionskip=\skip41
\belowcaptionskip=\skip42
\bibindent=\dimen102
)
No file scmp.aux.
LaTeX Font Info:    Checking defaults for OML/cmm/m/it on input line 6.
LaTeX Font Info:    ... okay on input line 6.
LaTeX Font Info:    Checking defaults for T1/cmr/m/n on input line 6.
LaTeX Font Info:    ... okay on input line 6.
LaTeX Font Info:    Checking defaults for OT1/cmr/m/n on input line 6.
LaTeX Font Info:    ... okay on input line 6.
LaTeX Font Info:    Checking defaults for OMS/cmsy/m/n on input line 6.
LaTeX Font Info:    ... okay on input line 6.
LaTeX Font Info:    Checking defaults for OMX/cmex/m/n on input line 6.
LaTeX Font Info:    ... okay on input line 6.
LaTeX Font Info:    Checking defaults for U/cmr/m/n on input line 6.
LaTeX Font Info:    ... okay on input line 6.
Chapter 1.
[1


{C:/Documents and Settings/All Users/Application Data/MiKTeX/2.8/pdftex/config/
pdftex.map}] [2] [3] [4]
Chapter 2.
[5

]
Chapter 3.
[6

]
Chapter 4.
[7

] (F:\salesmen\trunk\docs\en\scmp\src\tex\scmp.aux) ) 
Here is how much of TeX's memory you used:
 236 strings out of 495285
 2649 string characters out of 3179827
 50411 words of memory out of 3000000
 3518 multiletter control sequences out of 15000+200000
 6417 words of font info for 23 fonts, out of 3000000 for 9000
 14 hyphenation exceptions out of 8191
 23i,4n,18p,232b,174s stack positions out of 5000i,500n,10000p,200000b,50000s
<f:/Program Files (x86)/Mi
KTeX 2.8/fonts/type1/public/amsfonts/cm/cmbx10.pfb><f:/Program Files (x86)/MiKT
eX 2.8/fonts/type1/public/amsfonts/cm/cmbx12.pfb><f:/Program Files (x86)/MiKTeX
 2.8/fonts/type1/public/amsfonts/cm/cmr10.pfb><f:/Program Files (x86)/MiKTeX 2.
8/fonts/type1/public/amsfonts/cm/cmti10.pfb>
Output written on scmp.pdf (7 pages, 76240 bytes).
PDF statistics:
 42 PDF objects out of 1000 (max. 8388607)
 0 named destinations out of 1000 (max. 500000)
 1 words of extra memory for PDF output out of 10000 (max. 10000000)

