This is pdfeTeX, Version 3.141592-1.21a-2.2 (Web2C 7.5.4) (format=pdflatex 2009.6.9)  19 OCT 2009 02:30
entering extended mode
**minutes-20091016.tex
(./minutes-20091016.tex
LaTeX2e <2003/12/01>
Babel <v3.8d> and hyphenation patterns for american, french, german, ngerman, b
ahasa, basque, bulgarian, catalan, croatian, czech, danish, dutch, esperanto, e
stonian, finnish, greek, icelandic, irish, italian, latin, magyar, norsk, polis
h, portuges, romanian, russian, serbian, slovak, slovene, spanish, swedish, tur
kish, ukrainian, nohyphenation, loaded.
(/usr/share/texmf/tex/latex/base/article.cls
Document Class: article 2004/02/16 v1.4f Standard LaTeX document class
(/usr/share/texmf/tex/latex/base/size12.clo
File: size12.clo 2004/02/16 v1.4f Standard LaTeX file (size option)
)
\c@part=\count79
\c@section=\count80
\c@subsection=\count81
\c@subsubsection=\count82
\c@paragraph=\count83
\c@subparagraph=\count84
\c@figure=\count85
\c@table=\count86
\abovecaptionskip=\skip41
\belowcaptionskip=\skip42
\bibindent=\dimen102
)

! LaTeX Error: File `ctable.sty' not found.

Type X to quit or <RETURN> to proceed,
or enter new name. (Default extension: sty)

Enter file name: /opt/ctable

! LaTeX Error: File `/opt/ctable.sty' not found.

Type X to quit or <RETURN> to proceed,
or enter new name. (Default extension: sty)

Enter file name: ~/opt/ctable

! LaTeX Error: Missing \begin{document}.

See the LaTeX manual or LaTeX Companion for explanation.
Type  H <return>  for immediate help.
 ...                                              
                                                  
l.3 \usepackage
               {url}
? H
You're in trouble here.  Try typing  <return>  to proceed.
If that doesn't work, type  X <return>  to quit.
? 
(/usr/share/texmf/tex/latex/tools/.tex File ignored)
(/usr/share/texmf/tex/latex/html/url.sty
Package: url 1999/03/02  ver 1.4  Verb mode for urls, email addresses, and file
 names
)
No file minutes-20091016.aux.
\openout1 = `minutes-20091016.aux'.

LaTeX Font Info:    Checking defaults for OML/cmm/m/it on input line 9.
LaTeX Font Info:    ... okay on input line 9.
LaTeX Font Info:    Checking defaults for T1/cmr/m/n on input line 9.
LaTeX Font Info:    ... okay on input line 9.
LaTeX Font Info:    Checking defaults for OT1/cmr/m/n on input line 9.
LaTeX Font Info:    ... okay on input line 9.
LaTeX Font Info:    Checking defaults for OMS/cmsy/m/n on input line 9.
LaTeX Font Info:    ... okay on input line 9.
LaTeX Font Info:    Checking defaults for OMX/cmex/m/n on input line 9.
LaTeX Font Info:    ... okay on input line 9.
LaTeX Font Info:    Checking defaults for U/cmr/m/n on input line 9.
LaTeX Font Info:    ... okay on input line 9.
[1

{/usr/share/texmf-var/fonts/map/pdftex/updmap/pdftex.map}]
LaTeX Font Info:    External font `cmex10' loaded for size
(Font)              <14.4> on input line 11.
LaTeX Font Info:    External font `cmex10' loaded for size
(Font)              <7> on input line 11.
LaTeX Font Info:    External font `cmex10' loaded for size
(Font)              <12> on input line 13.
LaTeX Font Info:    External font `cmex10' loaded for size
(Font)              <8> on input line 13.
LaTeX Font Info:    External font `cmex10' loaded for size
(Font)              <6> on input line 13.

! Undefined control sequence.
l.29 		\FL
           Name & Studies
? 
! Undefined control sequence.
l.30 		\ML
           Nick De Cooman & Computer Sciences, 3th Bachelor
? 
! Extra alignment tab has been changed to \cr.
<recently read> \endtemplate 
                             
l.30 		\ML Nick De Cooman &
                            Computer Sciences, 3th Bachelor
? 
! Undefined control sequence.
l.31 		\NN
           Jonathan Jeurissen & Engineering Sciences, 1st Master Electronics
? 
! Undefined control sequence.
l.32 		\NN
           Sina Khakbaz Heshmati & Computer Sciences, 3th Bachelor
? 
! Extra alignment tab has been changed to \cr.
<recently read> \endtemplate 
                             
l.32 		\NN Sina Khakbaz Heshmati &
                                   Computer Sciences, 3th Bachelor
? 
! Undefined control sequence.
l.33 		\NN
           Jorne Laton & Engineering Sciences, 3th Bachelor Computer Sciences
? 
! Undefined control sequence.
l.34 		\NN
           Bart Maes & Computer Sciences, 3th Bachelor
? 
! Extra alignment tab has been changed to \cr.
<recently read> \endtemplate 
                             
l.34 		\NN Bart Maes &
                       Computer Sciences, 3th Bachelor
? 
! Undefined control sequence.
l.35 		\NN
           Patrick Provinciael & Computer Sciences, 3th Bachelor
? 
! Undefined control sequence.
l.36 		\NN
           Wouter Van Rossem & Computer Sciences, 3th Bachelor
? 
! Extra alignment tab has been changed to \cr.
<recently read> \endtemplate 
                             
l.36 		\NN Wouter Van Rossem &
                               Computer Sciences, 3th Bachelor
? 
! Undefined control sequence.
l.37 		\LL
          
? 

Overfull \hbox (262.95465pt too wide) in paragraph at lines 27--41
[] 
 []

LaTeX Font Info:    Try loading font information for OMS+cmr on input line 46.
(/usr/share/texmf/tex/latex/base/omscmr.fd
File: omscmr.fd 1999/05/25 v2.5h Standard LaTeX font definitions
)
LaTeX Font Info:    Font shape `OMS/cmr/m/n' in size <12> not available
(Font)              Font shape `OMS/cmsy/m/n' tried instead on input line 46.
 [2]
! Undefined control sequence.
<recently read> \FL 
                    
l.70 		\FL
           Role & Effective & Backup
? 
! Undefined control sequence.
l.71 		\ML
           Project Leader & Nick & Patrick
? 
! Extra alignment tab has been changed to \cr.
<recently read> \endtemplate 
                             
l.71 		\ML Project Leader &
                            Nick & Patrick
? 
! Undefined control sequence.
l.72 		\NN
           Configuration Manager & Jorne & Sina
? 
! Extra alignment tab has been changed to \cr.
<recently read> \endtemplate 
                             
l.72 		\NN Configuration Manager & Jorne &
                                           Sina
? 
! Undefined control sequence.
l.73 		\NN
           Quality Assurance Manager & Patrick & Bart
? 
! Undefined control sequence.
l.74 		\NN
           Requirements Manager & Wouter & Jonathan
? 
! Extra alignment tab has been changed to \cr.
<recently read> \endtemplate 
                             
l.74 		\NN Requirements Manager &
                                  Wouter & Jonathan
? 
! Undefined control sequence.
l.75 		\NN
           Design Manager & Bart & Nick
? 
! Extra alignment tab has been changed to \cr.
<recently read> \endtemplate 
                             
l.75 		\NN Design Manager & Bart &
                                   Nick
? 
! Undefined control sequence.
l.76 		\NN
           Implementation Manager & Sina & Jorne
? 
! Undefined control sequence.
l.77 		\LL
          
? 

Overfull \hbox (138.8519pt too wide) in paragraph at lines 68--81
[][] 
 []


LaTeX Warning: Citation `site1' on page 3 undefined on input line 98.


LaTeX Warning: Citation `site2' on page 3 undefined on input line 98.


LaTeX Warning: Citation `site3' on page 3 undefined on input line 100.

[3] [4] (./minutes-20091016.aux)

LaTeX Warning: There were undefined references.


LaTeX Warning: Label(s) may have changed. Rerun to get cross-references right.

 ) 
Here is how much of TeX's memory you used:
 308 strings out of 94500
 3477 string characters out of 1176767
 50403 words of memory out of 1000000
 3541 multiletter control sequences out of 10000+50000
 8808 words of font info for 31 fonts, out of 500000 for 2000
 580 hyphenation exceptions out of 1000
 22i,7n,21p,146b,187s stack positions out of 1500i,500n,5000p,200000b,5000s
PDF statistics:
 28 PDF objects out of 300000
 0 named destinations out of 131072
 1 words of extra memory for PDF output out of 65536
</usr/share/texmf/fonts/type1/bluesky/cm/cmr8.pfb></usr/share/texmf/fonts/typ
e1/bluesky/cm/cmsy10.pfb></usr/share/texmf/fonts/type1/bluesky/cm/cmbx12.pfb></
usr/share/texmf/fonts/type1/bluesky/cm/cmr17.pfb></usr/share/texmf/fonts/type1/
bluesky/cm/cmr12.pfb>
Output written on minutes-20091016.pdf (4 pages, 39288 bytes).
